[debug] [2021-02-01T18:15:18.384Z] ----------------------------------------------------------------------
[debug] [2021-02-01T18:15:18.386Z] Command:       D:\Program Files\nodejs\node.exe C:\Users\Erick\AppData\Roaming\npm\node_modules\firebase-tools\lib\bin\firebase.js emulators:start
[debug] [2021-02-01T18:15:18.386Z] CLI Version:   9.0.0
[debug] [2021-02-01T18:15:18.386Z] Platform:      win32
[debug] [2021-02-01T18:15:18.386Z] Node Version:  v12.18.2
[debug] [2021-02-01T18:15:18.417Z] Time:          Mon Feb 01 2021 14:15:18 GMT-0400 (Venezuela Time)
[debug] [2021-02-01T18:15:18.418Z] ----------------------------------------------------------------------
[debug] [2021-02-01T18:15:18.418Z] 
[debug] [2021-02-01T18:15:18.474Z] > command requires scopes: ["email","openid","https://www.googleapis.com/auth/cloudplatformprojects.readonly","https://www.googleapis.com/auth/firebase","https://www.googleapis.com/auth/cloud-platform"]
[debug] [2021-02-01T18:15:18.474Z] > authorizing via signed-in user
[info] i  emulators: Starting emulators: functions, hosting {"metadata":{"emulator":{"name":"hub"},"message":"Starting emulators: functions, hosting"}}
[debug] [2021-02-01T18:15:20.511Z] [hub] writing locator at C:\Users\Erick\AppData\Local\Temp\hub-vaki-cf5f6.json
[warn] !  functions: The following emulators are not running, calls to these services from the Functions emulator will affect production: auth, firestore, database, pubsub {"metadata":{"emulator":{"name":"functions"},"message":"The following emulators are not running, calls to these services from the Functions emulator will affect production: \u001b[1mauth, firestore, database, pubsub\u001b[22m"}}
[info] +  functions: Using node@12 from host. {"metadata":{"emulator":{"name":"functions"},"message":"Using node@12 from host."}}
[debug] [2021-02-01T18:15:22.645Z] defaultcredentials: writing to file C:\Users\Erick\AppData\Roaming\firebase\erick83_gmail_com_application_default_credentials.json
[debug] [2021-02-01T18:15:22.656Z] Setting GAC to C:\Users\Erick\AppData\Roaming\firebase\erick83_gmail_com_application_default_credentials.json {"metadata":{"emulator":{"name":"functions"},"message":"Setting GAC to C:\\Users\\Erick\\AppData\\Roaming\\firebase\\erick83_gmail_com_application_default_credentials.json"}}
[debug] [2021-02-01T18:15:24.713Z] > refreshing access token with scopes: ["email","https://www.googleapis.com/auth/cloud-platform","https://www.googleapis.com/auth/cloudplatformprojects.readonly","https://www.googleapis.com/auth/firebase","openid"]
[debug] [2021-02-01T18:15:24.713Z] >>> HTTP REQUEST POST https://www.googleapis.com/oauth2/v3/token  
 <request body omitted>
[debug] [2021-02-01T18:15:25.330Z] <<< HTTP RESPONSE 200 {"pragma":"no-cache","date":"Mon, 01 Feb 2021 18:15:24 GMT","cache-control":"no-cache, no-store, max-age=0, must-revalidate","expires":"Mon, 01 Jan 1990 00:00:00 GMT","content-type":"application/json; charset=utf-8","vary":"X-Origin, Referer, Origin,Accept-Encoding","server":"scaffolding on HTTPServer2","x-xss-protection":"0","x-frame-options":"SAMEORIGIN","x-content-type-options":"nosniff","alt-svc":"h3-29=\":443\"; ma=2592000,h3-T051=\":443\"; ma=2592000,h3-Q050=\":443\"; ma=2592000,h3-Q046=\":443\"; ma=2592000,h3-Q043=\":443\"; ma=2592000,quic=\":443\"; ma=2592000; v=\"46,43\"","accept-ranges":"none","transfer-encoding":"chunked"}
[debug] [2021-02-01T18:15:25.339Z] >>> HTTP REQUEST GET https://firebase.googleapis.com/v1beta1/projects/vaki-cf5f6/webApps/-/config  
 
[debug] [2021-02-01T18:15:26.208Z] <<< HTTP RESPONSE 200 {"content-type":"application/json; charset=UTF-8","vary":"X-Origin, Referer, Origin,Accept-Encoding","date":"Mon, 01 Feb 2021 18:15:25 GMT","server":"ESF","cache-control":"private","x-xss-protection":"0","x-frame-options":"SAMEORIGIN","x-content-type-options":"nosniff","alt-svc":"h3-29=\":443\"; ma=2592000,h3-T051=\":443\"; ma=2592000,h3-Q050=\":443\"; ma=2592000,h3-Q046=\":443\"; ma=2592000,h3-Q043=\":443\"; ma=2592000,quic=\":443\"; ma=2592000; v=\"46,43\"","accept-ranges":"none","transfer-encoding":"chunked"}
[info] i  hosting[vakers]: Serving hosting files from: dist/apps/vakers {"metadata":{"emulator":{"name":"hosting"},"message":"Serving hosting files from: \u001b[1mdist/apps/vakers\u001b[22m"}}
[info] +  hosting[vakers]: Local server: http://localhost:5000 {"metadata":{"emulator":{"name":"hosting"},"message":"Local server: \u001b[4m\u001b[1mhttp://localhost:5000\u001b[22m\u001b[24m"}}
[info] i  ui: downloading ui-v1.4.0.zip... {"metadata":{"emulator":{"name":"ui"},"message":"downloading ui-v1.4.0.zip..."}}
[debug] [2021-02-01T18:15:30.423Z] >>> [apiv2][query] GET https://storage.googleapis.com/firebase-preview-drop/emulator/ui-v1.4.0.zip [none]
[debug] [2021-02-01T18:15:31.159Z] <<< [apiv2][status] GET https://storage.googleapis.com/firebase-preview-drop/emulator/ui-v1.4.0.zip 200
[debug] [2021-02-01T18:15:31.160Z] <<< [apiv2][body] GET https://storage.googleapis.com/firebase-preview-drop/emulator/ui-v1.4.0.zip [stream]
[debug] [2021-02-01T18:15:45.628Z] Ignoring unsupported arg: auto_download {"metadata":{"emulator":{"name":"ui"},"message":"Ignoring unsupported arg: auto_download"}}
[debug] [2021-02-01T18:15:45.628Z] Ignoring unsupported arg: port {"metadata":{"emulator":{"name":"ui"},"message":"Ignoring unsupported arg: port"}}
[debug] [2021-02-01T18:15:45.628Z] Starting Emulator UI with command {"binary":"node","args":["C:\\Users\\Erick\\.cache\\firebase\\emulators\\ui-v1.4.0\\server.bundle.js"],"optionalArgs":[],"joinArgs":false} {"metadata":{"emulator":{"name":"ui"},"message":"Starting Emulator UI with command {\"binary\":\"node\",\"args\":[\"C:\\\\Users\\\\Erick\\\\.cache\\\\firebase\\\\emulators\\\\ui-v1.4.0\\\\server.bundle.js\"],\"optionalArgs\":[],\"joinArgs\":false}"}}
[info] i  ui: Emulator UI logging to ui-debug.log {"metadata":{"emulator":{"name":"ui"},"message":"Emulator UI logging to \u001b[1mui-debug.log\u001b[22m"}}
[debug] [2021-02-01T18:15:45.982Z] Web / API server started at http://localhost:4000
 {"metadata":{"emulator":{"name":"ui"},"message":"Web / API server started at http://localhost:4000\n"}}
[info] i  functions: Watching "D:\Code\vaki-challenge\functions" for Cloud Functions... {"metadata":{"emulator":{"name":"functions"},"message":"Watching \"D:\\Code\\vaki-challenge\\functions\" for Cloud Functions..."}}
[debug] [2021-02-01T18:15:46.178Z] [worker-pool] addWorker(~diagnostic~) {"metadata":{"emulator":{"name":"functions"},"message":"[worker-pool] addWorker(~diagnostic~)"}}
[debug] [2021-02-01T18:15:46.179Z] [worker-pool] Adding worker with key ~diagnostic~, total=1 {"metadata":{"emulator":{"name":"functions"},"message":"[worker-pool] Adding worker with key ~diagnostic~, total=1"}}
[debug] [2021-02-01T18:15:46.179Z] [worker-pool] submitWork(triggerId=) {"metadata":{"emulator":{"name":"functions"},"message":"[worker-pool] submitWork(triggerId=)"}}
[debug] [2021-02-01T18:15:46.179Z] [worker-~diagnostic~-3a597c47-3ab0-4ab9-a6bb-73af03eaf749]: Assigning socketPath: \\?\pipe\D:\Code\vaki-challenge\functions\85900 {"metadata":{"emulator":{"name":"functions"},"message":"[worker-~diagnostic~-3a597c47-3ab0-4ab9-a6bb-73af03eaf749]: Assigning socketPath: \\\\?\\pipe\\D:\\Code\\vaki-challenge\\functions\\85900"}}
[debug] [2021-02-01T18:15:46.180Z] [worker-~diagnostic~-3a597c47-3ab0-4ab9-a6bb-73af03eaf749]: BUSY {"metadata":{"emulator":{"name":"functions"},"message":"[worker-~diagnostic~-3a597c47-3ab0-4ab9-a6bb-73af03eaf749]: BUSY"}}
[debug] [2021-02-01T18:15:46.391Z] [runtime-status] [85900] Functions runtime initialized. {"cwd":"D:\\Code\\vaki-challenge\\functions","node_version":"12.18.2"} {"metadata":{"emulator":{"name":"functions"},"message":"[runtime-status] [85900] Functions runtime initialized. {\"cwd\":\"D:\\\\Code\\\\vaki-challenge\\\\functions\",\"node_version\":\"12.18.2\"}"}}
[debug] [2021-02-01T18:15:46.391Z] [runtime-status] [85900] Disabled runtime features: undefined {"metadata":{"emulator":{"name":"functions"},"message":"[runtime-status] [85900] Disabled runtime features: undefined"}}
[debug] [2021-02-01T18:15:46.446Z] [runtime-status] [85900] Resolved module firebase-admin {"declared":true,"installed":true,"version":"9.4.2","resolution":"D:\\Code\\vaki-challenge\\functions\\node_modules\\firebase-admin\\lib\\index.js"} {"metadata":{"emulator":{"name":"functions"},"message":"[runtime-status] [85900] Resolved module firebase-admin {\"declared\":true,\"installed\":true,\"version\":\"9.4.2\",\"resolution\":\"D:\\\\Code\\\\vaki-challenge\\\\functions\\\\node_modules\\\\firebase-admin\\\\lib\\\\index.js\"}"}}
[debug] [2021-02-01T18:15:46.486Z] [runtime-status] [85900] Resolved module firebase-functions {"declared":true,"installed":true,"version":"3.13.1","resolution":"D:\\Code\\vaki-challenge\\functions\\node_modules\\firebase-functions\\lib\\index.js"} {"metadata":{"emulator":{"name":"functions"},"message":"[runtime-status] [85900] Resolved module firebase-functions {\"declared\":true,\"installed\":true,\"version\":\"3.13.1\",\"resolution\":\"D:\\\\Code\\\\vaki-challenge\\\\functions\\\\node_modules\\\\firebase-functions\\\\lib\\\\index.js\"}"}}
[debug] [2021-02-01T18:15:46.486Z] [runtime-status] [85900] Resolved module firebase-functions {"declared":true,"installed":true,"version":"3.13.1","resolution":"D:\\Code\\vaki-challenge\\functions\\node_modules\\firebase-functions\\lib\\index.js"} {"metadata":{"emulator":{"name":"functions"},"message":"[runtime-status] [85900] Resolved module firebase-functions {\"declared\":true,\"installed\":true,\"version\":\"3.13.1\",\"resolution\":\"D:\\\\Code\\\\vaki-challenge\\\\functions\\\\node_modules\\\\firebase-functions\\\\lib\\\\index.js\"}"}}
[debug] [2021-02-01T18:15:46.488Z] [runtime-status] [85900] Outgoing network have been stubbed. [{"name":"http","status":"mocked"},{"name":"http","status":"mocked"},{"name":"https","status":"mocked"},{"name":"https","status":"mocked"},{"name":"net","status":"mocked"}] {"metadata":{"emulator":{"name":"functions"},"message":"[runtime-status] [85900] Outgoing network have been stubbed. [{\"name\":\"http\",\"status\":\"mocked\"},{\"name\":\"http\",\"status\":\"mocked\"},{\"name\":\"https\",\"status\":\"mocked\"},{\"name\":\"https\",\"status\":\"mocked\"},{\"name\":\"net\",\"status\":\"mocked\"}]"}}
[debug] [2021-02-01T18:15:46.488Z] [runtime-status] [85900] Resolved module firebase-functions {"declared":true,"installed":true,"version":"3.13.1","resolution":"D:\\Code\\vaki-challenge\\functions\\node_modules\\firebase-functions\\lib\\index.js"} {"metadata":{"emulator":{"name":"functions"},"message":"[runtime-status] [85900] Resolved module firebase-functions {\"declared\":true,\"installed\":true,\"version\":\"3.13.1\",\"resolution\":\"D:\\\\Code\\\\vaki-challenge\\\\functions\\\\node_modules\\\\firebase-functions\\\\lib\\\\index.js\"}"}}
[debug] [2021-02-01T18:15:48.232Z] [runtime-status] [85900] Checked functions.config() {"config":{}} {"metadata":{"emulator":{"name":"functions"},"message":"[runtime-status] [85900] Checked functions.config() {\"config\":{}}"}}
[debug] [2021-02-01T18:15:48.233Z] [runtime-status] [85900] firebase-functions has been stubbed. {"functionsResolution":{"declared":true,"installed":true,"version":"3.13.1","resolution":"D:\\Code\\vaki-challenge\\functions\\node_modules\\firebase-functions\\lib\\index.js"}} {"metadata":{"emulator":{"name":"functions"},"message":"[runtime-status] [85900] firebase-functions has been stubbed. {\"functionsResolution\":{\"declared\":true,\"installed\":true,\"version\":\"3.13.1\",\"resolution\":\"D:\\\\Code\\\\vaki-challenge\\\\functions\\\\node_modules\\\\firebase-functions\\\\lib\\\\index.js\"}}"}}
[debug] [2021-02-01T18:15:48.233Z] [runtime-status] [85900] Resolved module firebase-functions {"declared":true,"installed":true,"version":"3.13.1","resolution":"D:\\Code\\vaki-challenge\\functions\\node_modules\\firebase-functions\\lib\\index.js"} {"metadata":{"emulator":{"name":"functions"},"message":"[runtime-status] [85900] Resolved module firebase-functions {\"declared\":true,\"installed\":true,\"version\":\"3.13.1\",\"resolution\":\"D:\\\\Code\\\\vaki-challenge\\\\functions\\\\node_modules\\\\firebase-functions\\\\lib\\\\index.js\"}"}}
[debug] [2021-02-01T18:15:48.235Z] [runtime-status] [85900] Resolved module firebase-admin {"declared":true,"installed":true,"version":"9.4.2","resolution":"D:\\Code\\vaki-challenge\\functions\\node_modules\\firebase-admin\\lib\\index.js"} {"metadata":{"emulator":{"name":"functions"},"message":"[runtime-status] [85900] Resolved module firebase-admin {\"declared\":true,\"installed\":true,\"version\":\"9.4.2\",\"resolution\":\"D:\\\\Code\\\\vaki-challenge\\\\functions\\\\node_modules\\\\firebase-admin\\\\lib\\\\index.js\"}"}}
[debug] [2021-02-01T18:15:48.235Z] [runtime-status] [85900] Resolved module firebase-functions {"declared":true,"installed":true,"version":"3.13.1","resolution":"D:\\Code\\vaki-challenge\\functions\\node_modules\\firebase-functions\\lib\\index.js"} {"metadata":{"emulator":{"name":"functions"},"message":"[runtime-status] [85900] Resolved module firebase-functions {\"declared\":true,\"installed\":true,\"version\":\"3.13.1\",\"resolution\":\"D:\\\\Code\\\\vaki-challenge\\\\functions\\\\node_modules\\\\firebase-functions\\\\lib\\\\index.js\"}"}}
[debug] [2021-02-01T18:15:48.236Z] [runtime-status] [85900] firebase-admin has been stubbed. {"adminResolution":{"declared":true,"installed":true,"version":"9.4.2","resolution":"D:\\Code\\vaki-challenge\\functions\\node_modules\\firebase-admin\\lib\\index.js"}} {"metadata":{"emulator":{"name":"functions"},"message":"[runtime-status] [85900] firebase-admin has been stubbed. {\"adminResolution\":{\"declared\":true,\"installed\":true,\"version\":\"9.4.2\",\"resolution\":\"D:\\\\Code\\\\vaki-challenge\\\\functions\\\\node_modules\\\\firebase-admin\\\\lib\\\\index.js\"}}"}}
[debug] [2021-02-01T18:15:48.246Z] [runtime-status] [85900] initializeApp(DEFAULT) {"databaseURL":"https://vaki-cf5f6.firebaseio.com","storageBucket":"vaki-cf5f6.appspot.com","projectId":"vaki-cf5f6"} {"metadata":{"emulator":{"name":"functions"},"message":"[runtime-status] [85900] initializeApp(DEFAULT) {\"databaseURL\":\"https://vaki-cf5f6.firebaseio.com\",\"storageBucket\":\"vaki-cf5f6.appspot.com\",\"projectId\":\"vaki-cf5f6\"}"}}
[info] +  functions[addToCart]: http function initialized (http://localhost:5001/vaki-cf5f6/us-central1/addToCart). {"metadata":{"emulator":{"name":"functions"},"message":"\u001b[1mhttp\u001b[22m function initialized (http://localhost:5001/vaki-cf5f6/us-central1/addToCart)."}}
[info] 
┌─────────────────────────────────────────────────────────────┐
│ ✔  All emulators ready! It is now safe to connect your app. │
│ i  View Emulator UI at http://localhost:4000                │
└─────────────────────────────────────────────────────────────┘

┌───────────┬────────────────┬─────────────────────────────────┐
│ Emulator  │ Host:Port      │ View in Emulator UI             │
├───────────┼────────────────┼─────────────────────────────────┤
│ Functions │ localhost:5001 │ http://localhost:4000/functions │
├───────────┼────────────────┼─────────────────────────────────┤
│ Hosting   │ localhost:5000 │ n/a                             │
└───────────┴────────────────┴─────────────────────────────────┘
  Emulator Hub running at localhost:4400
  Other reserved ports: 4500

Issues? Report them at https://github.com/firebase/firebase-tools/issues and attach the *-debug.log files.
 
[debug] [2021-02-01T18:15:48.329Z] [worker-~diagnostic~-3a597c47-3ab0-4ab9-a6bb-73af03eaf749]: IDLE {"metadata":{"emulator":{"name":"functions"},"message":"[worker-~diagnostic~-3a597c47-3ab0-4ab9-a6bb-73af03eaf749]: IDLE"}}
